Aucun nouveau message sur retard de paiement
Aucun nouveau message sur retard de paiement
Aucun nouveau message sur retard de paiement
Aucun nouveau message sur retard de paiement
Aucun nouveau message sur retard de paiement
Aucun nouveau message sur retard de paiement
Aucun nouveau message sur retard de paiement
Aucun nouveau message sur retard de paiement
Aucun nouveau message sur retard de paiement
Aucun nouveau message sur retard de paiement
Aucun nouveau message sur retard de paiement
Aucun nouveau message sur retard de paiement
Aucun nouveau message sur retard de paiement
Aucun nouveau message sur retard de paiement
Aucun nouveau message sur retard de paiement
Aucun nouveau message sur retard de paiement
Aucun nouveau message sur retard de paiement
Aucun nouveau message sur retard de paiement
Aucun nouveau message sur retard de paiement
Aucun nouveau message sur retard de paiement
Aucun nouveau message sur retard de paiement
Aucun nouveau message sur retard de paiement
Aucun nouveau message sur retard de paiement
Aucun nouveau message sur retard de paiement
Aucun nouveau message sur retard de paiement
Aucun nouveau message sur retard de paiement
Aucun nouveau message sur retard de paiement
Analyse: Retard paiement...
  → Pas un retard de paiement
Aucun nouveau message sur retard de paiement
Aucun nouveau message sur retard de paiement
Aucun nouveau message sur retard de paiement
Aucun nouveau message sur retard de paiement
Aucun nouveau message sur retard de paiement
Aucun nouveau message sur retard de paiement
Aucun nouveau message sur retard de paiement
Aucun nouveau message sur retard de paiement
Aucun nouveau message sur retard de paiement
Aucun nouveau message sur retard de paiement
Analyse: Ronaldoc, finish setting up your new Google Accoun...
  → Pas un retard de paiement
Analyse: =?UTF-8?B?QWxlcnRlIGRlIHPDqWN1cml0w6k=?=...
  → Pas un retard de paiement
Analyse: =?UTF-8?B?VmFsaWRhdGlvbiBlbiBkZXV4wqDDqXRhcGVzIGFj...
  → Pas un retard de paiement
Analyse: =?UTF-8?B?QWxlcnRlIGRlIHPDqWN1cml0w6k=?=...
  → Pas un retard de paiement
Analyse: Invoice...
  → Pas un retard de paiement
Analyse: Factures pour le basket...
  → Pas un retard de paiement
Analyse: Re: Factures pour le soccer...
  → Pas un retard de paiement
Analyse: It invoice...
✓ RETARD DÉTECTÉ (mot-clé: amount + payment context): Ronald PETITEAU <ronald.petiteau@gmail.com> - It invoice
✓ Réponse envoyée à ronald.petiteau@gmail.com
Analyse: Facture 433...
  → Pas un retard de paiement
Analyse: Where is my fucking payment ?...
✓ RETARD DÉTECTÉ (mot-clé: amount + payment context): Ronald PETITEAU <ronald.petiteau@gmail.com> - Where is my fucking payment ?
✓ Réponse envoyée à ronald.petiteau@gmail.com
Analyse: Retard paiement...
✓ RETARD DÉTECTÉ (mot-clé: ou sont): Ronald PETITEAU <ronald.petiteau@gmail.com> - Retard paiement
✓ Réponse envoyée à ronald.petiteau@gmail.com
✓ 3 réponse(s) envoyée(s)
  - Ronald PETITEAU <ronald.petiteau@gmail.com>: It invoice
  - Ronald PETITEAU <ronald.petiteau@gmail.com>: Where is my fucking payment ?
  - Ronald PETITEAU <ronald.petiteau@gmail.com>: Retard paiement
Aucun nouveau message sur retard de paiement
Aucun nouveau message sur retard de paiement
Aucun nouveau message sur retard de paiement
Aucun nouveau message sur retard de paiement
Aucun nouveau message sur retard de paiement
Aucun nouveau message sur retard de paiement
Aucun nouveau message sur retard de paiement
Aucun nouveau message sur retard de paiement
Aucun nouveau message sur retard de paiement
Aucun nouveau message sur retard de paiement
Aucun nouveau message sur retard de paiement
Aucun nouveau message sur retard de paiement
Aucun nouveau message sur retard de paiement
Aucun nouveau message sur retard de paiement
Aucun nouveau message sur retard de paiement
Aucun nouveau message sur retard de paiement
Aucun nouveau message sur retard de paiement
Aucun nouveau message sur retard de paiement
Aucun nouveau message sur retard de paiement
Aucun nouveau message sur retard de paiement
Aucun nouveau message sur retard de paiement
Aucun nouveau message sur retard de paiement
Aucun nouveau message sur retard de paiement
Aucun nouveau message sur retard de paiement
Aucun nouveau message sur retard de paiement
Aucun nouveau message sur retard de paiement
Aucun nouveau message sur retard de paiement
Aucun nouveau message sur retard de paiement
Aucun nouveau message sur retard de paiement
Aucun nouveau message sur retard de paiement
Aucun nouveau message sur retard de paiement
Aucun nouveau message sur retard de paiement
Aucun nouveau message sur retard de paiement
Aucun nouveau message sur retard de paiement
Aucun nouveau message sur retard de paiement
Aucun nouveau message sur retard de paiement
Aucun nouveau message sur retard de paiement
Aucun nouveau message sur retard de paiement
Aucun nouveau message sur retard de paiement
Aucun nouveau message sur retard de paiement
Aucun nouveau message sur retard de paiement
Aucun nouveau message sur retard de paiement
Aucun nouveau message sur retard de paiement
Aucun nouveau message sur retard de paiement
Aucun nouveau message sur retard de paiement
Aucun nouveau message sur retard de paiement
Aucun nouveau message sur retard de paiement
Aucun nouveau message sur retard de paiement
Aucun nouveau message sur retard de paiement
Aucun nouveau message sur retard de paiement
Aucun nouveau message sur retard de paiement
Aucun nouveau message sur retard de paiement
Aucun nouveau message sur retard de paiement
Aucun nouveau message sur retard de paiement
Aucun nouveau message sur retard de paiement
Aucun nouveau message sur retard de paiement
Aucun nouveau message sur retard de paiement
Aucun nouveau message sur retard de paiement
Aucun nouveau message sur retard de paiement
Aucun nouveau message sur retard de paiement
Aucun nouveau message sur retard de paiement
Aucun nouveau message sur retard de paiement
Aucun nouveau message sur retard de paiement
Aucun nouveau message sur retard de paiement
Aucun nouveau message sur retard de paiement
Aucun nouveau message sur retard de paiement
Aucun nouveau message sur retard de paiement
Aucun nouveau message sur retard de paiement
Aucun nouveau message sur retard de paiement
Aucun nouveau message sur retard de paiement
Aucun nouveau message sur retard de paiement
Aucun nouveau message sur retard de paiement
Aucun nouveau message sur retard de paiement
Aucun nouveau message sur retard de paiement
Aucun nouveau message sur retard de paiement
Aucun nouveau message sur retard de paiement
Aucun nouveau message sur retard de paiement
Aucun nouveau message sur retard de paiement
Aucun nouveau message sur retard de paiement
Aucun nouveau message sur retard de paiement
Aucun nouveau message sur retard de paiement
Aucun nouveau message sur retard de paiement
Aucun nouveau message sur retard de paiement
Aucun nouveau message sur retard de paiement
Aucun nouveau message sur retard de paiement
Aucun nouveau message sur retard de paiement
Aucun nouveau message sur retard de paiement
Analyse: =?UTF-8?Q?=F0=9F=9A=80_Your_GitHub_launch_code?=...
  → Pas un retard de paiement
Aucun nouveau message sur retard de paiement
Analyse: [GitHub] A Google identity was just linked to your...
  → Pas un retard de paiement
Aucun nouveau message sur retard de paiement
Aucun nouveau message sur retard de paiement
Aucun nouveau message sur retard de paiement
Aucun nouveau message sur retard de paiement
Aucun nouveau message sur retard de paiement
Aucun nouveau message sur retard de paiement
Aucun nouveau message sur retard de paiement
Aucun nouveau message sur retard de paiement
Aucun nouveau message sur retard de paiement
Aucun nouveau message sur retard de paiement
Aucun nouveau message sur retard de paiement
Aucun nouveau message sur retard de paiement
Aucun nouveau message sur retard de paiement
Aucun nouveau message sur retard de paiement
Aucun nouveau message sur retard de paiement
Aucun nouveau message sur retard de paiement
Aucun nouveau message sur retard de paiement
Aucun nouveau message sur retard de paiement
Aucun nouveau message sur retard de paiement
Aucun nouveau message sur retard de paiement
Aucun nouveau message sur retard de paiement
Aucun nouveau message sur retard de paiement
Aucun nouveau message sur retard de paiement
Aucun nouveau message sur retard de paiement
Aucun nouveau message sur retard de paiement
Aucun nouveau message sur retard de paiement
Aucun nouveau message sur retard de paiement
Aucun nouveau message sur retard de paiement
Aucun nouveau message sur retard de paiement
Aucun nouveau message sur retard de paiement
Aucun nouveau message sur retard de paiement
Analyse: [GitHub] A personal access token (classic) has bee...
  → Pas un retard de paiement
Aucun nouveau message sur retard de paiement
Aucun nouveau message sur retard de paiement
Aucun nouveau message sur retard de paiement
Aucun nouveau message sur retard de paiement
Aucun nouveau message sur retard de paiement
Aucun nouveau message sur retard de paiement
